time=2023-05-24T02:01:20.364133Z app=trickster level=info event="application loaded from configuration" caller=trickster/config.go:262 version=2.0.0-beta2 goVersion=go1.20.2 goArch=arm64 buildTime= logLevel=debug name=trickster goOS=darwin commitID= config=/etc/trickster/trickster.yaml pid=83783
time=2023-05-24T02:01:20.364687Z app=trickster level=info event="tracer registration" serviceName=trickster collectorURL=http://jaeger:14268/api/traces sampleRate=1 tags="{\"key2\":\"value2\", \"key1\":\"value1\"}" caller=github.com/trickstercache/trickster/v2/pkg/observability/tracing/registration/registration.go:97 name=default provider=stdout
time=2023-05-24T02:01:20.364755Z app=trickster level=info event="filesystem cache setup" name=default cachePath=/data/trickster caller=github.com/trickstercache/trickster/v2/pkg/cache/filesystem/filesystem.go:64
time=2023-05-24T02:01:20.364784Z app=trickster level=debug event="default backend identified" name=default caller=github.com/trickstercache/trickster/v2/pkg/routing/routing.go:92
time=2023-05-24T02:01:20.364814Z app=trickster level=info event="registering route paths" backendName=default backendProvider=reverseproxy upstreamHost=www.test.com:8089 caller=github.com/trickstercache/trickster/v2/pkg/routing/routing.go:169
time=2023-05-24T02:01:20.364841Z app=trickster level=debug event="registering backend handler path" path=/server-status/-GET-POST handlerName=proxy backendHost=www.test.com:8089 handledPath=/default/ matchType=exact frontendHosts=www.test.com caller=github.com/trickstercache/trickster/v2/pkg/routing/routing.go:306 backendName=default
time=2023-05-24T02:01:20.364887Z app=trickster level=debug event="registering backend handler path" path=/xxx/-GET-POST-PUT handlerName=proxy backendHost=www.test.com:8089 handledPath=/default/ matchType=exact frontendHosts=www.test.com caller=github.com/trickstercache/trickster/v2/pkg/routing/routing.go:306 backendName=default
time=2023-05-24T02:01:20.364987Z app=trickster level=debug event="registering backend handler path" backendHost=www.test.com:8089 handledPath=/default/ matchType=exact frontendHosts=www.test.com caller=github.com/trickstercache/trickster/v2/pkg/routing/routing.go:306 backendName=default path=/depot/-GET-POST-PUT handlerName=proxy
time=2023-05-24T02:01:20.365022Z app=trickster level=debug event="registering backend handler path" frontendHosts=www.test.com caller=github.com/trickstercache/trickster/v2/pkg/routing/routing.go:306 backendName=default path=server-status handlerName=proxy backendHost=www.test.com:8089 handledPath=/default/ matchType=exact
time=2023-05-24T02:01:20.365051Z app=trickster level=debug event="registering backend handler path" handledPath=/default/ matchType=prefix frontendHosts=www.test.com caller=github.com/trickstercache/trickster/v2/pkg/routing/routing.go:306 backendName=default path=/-1111111111 handlerName=proxy backendHost=www.test.com:8089
time=2023-05-24T02:01:20.365079Z app=trickster level=debug event="registering backend handler path" handlerName=proxy backendHost=www.test.com:8089 handledPath=/default/ matchType=exact frontendHosts=www.test.com caller=github.com/trickstercache/trickster/v2/pkg/routing/routing.go:306 backendName=default path=depot
time=2023-05-24T02:01:20.365107Z app=trickster level=debug event="registering backend handler path" frontendHosts=www.test.com caller=github.com/trickstercache/trickster/v2/pkg/routing/routing.go:306 backendName=default path=root handlerName=proxy backendHost=www.test.com:8089 handledPath=/default/ matchType=exact
time=2023-05-24T02:01:20.365139Z app=trickster level=debug event="registering health handler path" path=/trickster/health/default backendName=default upstreamPath=/aaaa upstreamVerb=HEAD caller=github.com/trickstercache/trickster/v2/pkg/routing/routing.go:195
time=2023-05-24T02:01:20.366237Z app=trickster level=info event="registering default backend handler paths" backendName=default caller=github.com/trickstercache/trickster/v2/pkg/routing/routing.go:384
time=2023-05-24T02:01:20.366266Z app=trickster level=debug event="registering default backend handler paths" backendName=default path=/ handlerName=proxy matchType=exact caller=github.com/trickstercache/trickster/v2/pkg/routing/routing.go:388
time=2023-05-24T02:01:20.366303Z app=trickster level=debug event="registering default backend handler paths" backendName=default path=/ handlerName=proxy matchType=exact caller=github.com/trickstercache/trickster/v2/pkg/routing/routing.go:388
time=2023-05-24T02:01:20.366322Z app=trickster level=debug event="registering default backend handler paths" backendName=default path=/ handlerName=proxy matchType=exact caller=github.com/trickstercache/trickster/v2/pkg/routing/routing.go:388
time=2023-05-24T02:01:20.36634Z app=trickster level=debug event="registering default backend handler paths" backendName=default path=/ handlerName=proxy matchType=exact caller=github.com/trickstercache/trickster/v2/pkg/routing/routing.go:388
time=2023-05-24T02:01:20.366728Z app=trickster level=debug event="registering default backend handler paths" matchType=exact caller=github.com/trickstercache/trickster/v2/pkg/routing/routing.go:388 backendName=default path=/ handlerName=proxy
time=2023-05-24T02:01:20.366981Z app=trickster level=debug event="registering default backend handler paths" path=/ handlerName=proxy matchType=exact caller=github.com/trickstercache/trickster/v2/pkg/routing/routing.go:388 backendName=default
time=2023-05-24T02:01:20.367095Z app=trickster level=debug event="registering default backend handler paths" backendName=default path=/ handlerName=proxy matchType=prefix caller=github.com/trickstercache/trickster/v2/pkg/routing/routing.go:388
time=2023-05-24T02:01:20.367117Z app=trickster level=info event="registering pprof /debug routes" routerName=metrics caller=github.com/trickstercache/trickster/v2/pkg/routing/routing.go:51
time=2023-05-24T02:01:20.367317Z app=trickster level=info event="registering pprof /debug routes" routerName=reload caller=github.com/trickstercache/trickster/v2/pkg/routing/routing.go:51
time=2023-05-24T02:01:20.367346Z app=trickster level=info event="http listener starting" name=reloadListener port=8484 address=127.0.0.1 caller=github.com/trickstercache/trickster/v2/pkg/proxy/listener/listener.go:192
time=2023-05-24T02:01:20.367368Z app=trickster level=debug event="starting proxy listener" scheme=http address=127.0.0.1 port=8484 caller=github.com/trickstercache/trickster/v2/pkg/proxy/listener/listener.go:143 connectionsLimit=0
time=2023-05-24T02:01:20.367428Z app=trickster level=debug event="starting proxy listener" port=8480 caller=github.com/trickstercache/trickster/v2/pkg/proxy/listener/listener.go:143 connectionsLimit=0 scheme=http address=
time=2023-05-24T02:01:20.367473Z app=trickster level=info event="http listener starting" name=httpListener port=8480 address= caller=github.com/trickstercache/trickster/v2/pkg/proxy/listener/listener.go:192
time=2023-05-24T02:01:20.367498Z app=trickster level=info event="http listener starting" name=metricsListener port=8481 address= caller=github.com/trickstercache/trickster/v2/pkg/proxy/listener/listener.go:192
time=2023-05-24T02:01:20.367521Z app=trickster level=debug event="starting proxy listener" scheme=http address= port=8481 caller=github.com/trickstercache/trickster/v2/pkg/proxy/listener/listener.go:143 connectionsLimit=0
time=2023-05-24T02:01:23.3667Z app=trickster level=info event="hc status changed" targetName=default status=failed detail="error probing target: Head \"http://www.test.com:8089/aaaa\": context deadline exceeded (Client.Timeout exceeded while awaiting headers)" threshold=3 caller=github.com/trickstercache/trickster/v2/pkg/backends/healthcheck/target.go:228
time=2023-05-24T02:02:11.024152Z app=trickster level=info event="application loaded from configuration" buildTime= config=/etc/trickster/trickster.yaml pid=83945 caller=trickster/config.go:262 goVersion=go1.20.2 version=2.0.0-beta2 goArch=arm64 goOS=darwin commitID= logLevel=debug name=trickster
time=2023-05-24T02:02:11.024548Z app=trickster level=info event="tracer registration" name=default provider=stdout serviceName=trickster collectorURL=http://jaeger:14268/api/traces sampleRate=1 tags="{\"key1\":\"value1\", \"key2\":\"value2\"}" caller=github.com/trickstercache/trickster/v2/pkg/observability/tracing/registration/registration.go:97
time=2023-05-24T02:02:11.02461Z app=trickster level=info event="filesystem cache setup" caller=github.com/trickstercache/trickster/v2/pkg/cache/filesystem/filesystem.go:64 name=default cachePath=/data/trickster
time=2023-05-24T02:02:11.024625Z app=trickster level=debug event="default backend identified" name=default caller=github.com/trickstercache/trickster/v2/pkg/routing/routing.go:92
time=2023-05-24T02:02:11.024636Z app=trickster level=info event="registering route paths" backendName=default backendProvider=reverseproxy upstreamHost=www.test.com:8089 caller=github.com/trickstercache/trickster/v2/pkg/routing/routing.go:169
time=2023-05-24T02:02:11.024649Z app=trickster level=debug event="registering backend handler path" handlerName=proxy backendHost=www.test.com:8089 handledPath=/default/ matchType=exact frontendHosts=www.test.com caller=github.com/trickstercache/trickster/v2/pkg/routing/routing.go:306 backendName=default path=/server-status/-GET-POST
time=2023-05-24T02:02:11.024663Z app=trickster level=debug event="registering backend handler path" backendHost=www.test.com:8089 handledPath=/default/ matchType=exact frontendHosts=www.test.com caller=github.com/trickstercache/trickster/v2/pkg/routing/routing.go:306 backendName=default path=/depot/-GET-POST-PUT handlerName=proxy
time=2023-05-24T02:02:11.024674Z app=trickster level=debug event="registering backend handler path" caller=github.com/trickstercache/trickster/v2/pkg/routing/routing.go:306 backendName=default path=/xxx/-GET-POST-PUT handlerName=proxy backendHost=www.test.com:8089 handledPath=/default/ matchType=exact frontendHosts=www.test.com
time=2023-05-24T02:02:11.024685Z app=trickster level=debug event="registering backend handler path" handlerName=proxy backendHost=www.test.com:8089 handledPath=/default/ matchType=exact frontendHosts=www.test.com caller=github.com/trickstercache/trickster/v2/pkg/routing/routing.go:306 backendName=default path=server-status
time=2023-05-24T02:02:11.024698Z app=trickster level=debug event="registering backend handler path" matchType=prefix frontendHosts=www.test.com caller=github.com/trickstercache/trickster/v2/pkg/routing/routing.go:306 backendName=default path=/-1111111111 handlerName=proxy backendHost=www.test.com:8089 handledPath=/default/
time=2023-05-24T02:02:11.024712Z app=trickster level=debug event="registering backend handler path" handledPath=/default/ matchType=exact frontendHosts=www.test.com caller=github.com/trickstercache/trickster/v2/pkg/routing/routing.go:306 backendName=default path=depot handlerName=proxy backendHost=www.test.com:8089
time=2023-05-24T02:02:11.024721Z app=trickster level=debug event="registering backend handler path" handlerName=proxy backendHost=www.test.com:8089 handledPath=/default/ matchType=exact frontendHosts=www.test.com caller=github.com/trickstercache/trickster/v2/pkg/routing/routing.go:306 backendName=default path=root
time=2023-05-24T02:02:11.02473Z app=trickster level=debug event="registering health handler path" upstreamVerb=HEAD caller=github.com/trickstercache/trickster/v2/pkg/routing/routing.go:195 path=/trickster/health/default backendName=default upstreamPath=/aaaa
time=2023-05-24T02:02:11.02566Z app=trickster level=info event="registering default backend handler paths" backendName=default caller=github.com/trickstercache/trickster/v2/pkg/routing/routing.go:384
time=2023-05-24T02:02:11.025714Z app=trickster level=debug event="registering default backend handler paths" matchType=prefix caller=github.com/trickstercache/trickster/v2/pkg/routing/routing.go:388 backendName=default path=/ handlerName=proxy
time=2023-05-24T02:02:11.025726Z app=trickster level=debug event="registering default backend handler paths" backendName=default path=/ handlerName=proxy matchType=exact caller=github.com/trickstercache/trickster/v2/pkg/routing/routing.go:388
time=2023-05-24T02:02:11.025734Z app=trickster level=debug event="registering default backend handler paths" backendName=default path=/ handlerName=proxy matchType=exact caller=github.com/trickstercache/trickster/v2/pkg/routing/routing.go:388
time=2023-05-24T02:02:11.02575Z app=trickster level=debug event="registering default backend handler paths" backendName=default path=/ handlerName=proxy matchType=exact caller=github.com/trickstercache/trickster/v2/pkg/routing/routing.go:388
time=2023-05-24T02:02:11.025759Z app=trickster level=debug event="registering default backend handler paths" matchType=exact caller=github.com/trickstercache/trickster/v2/pkg/routing/routing.go:388 backendName=default path=/ handlerName=proxy
time=2023-05-24T02:02:11.025772Z app=trickster level=debug event="registering default backend handler paths" caller=github.com/trickstercache/trickster/v2/pkg/routing/routing.go:388 backendName=default path=/ handlerName=proxy matchType=exact
time=2023-05-24T02:02:11.025781Z app=trickster level=debug event="registering default backend handler paths" handlerName=proxy matchType=exact caller=github.com/trickstercache/trickster/v2/pkg/routing/routing.go:388 backendName=default path=/
time=2023-05-24T02:02:11.02579Z app=trickster level=info event="registering pprof /debug routes" routerName=metrics caller=github.com/trickstercache/trickster/v2/pkg/routing/routing.go:51
time=2023-05-24T02:02:11.0258Z app=trickster level=info event="registering pprof /debug routes" routerName=reload caller=github.com/trickstercache/trickster/v2/pkg/routing/routing.go:51
time=2023-05-24T02:02:11.026033Z app=trickster level=debug event="starting proxy listener" connectionsLimit=0 scheme=http address=127.0.0.1 port=8484 caller=github.com/trickstercache/trickster/v2/pkg/proxy/listener/listener.go:143
time=2023-05-24T02:02:11.026062Z app=trickster level=info event="http listener starting" address=127.0.0.1 caller=github.com/trickstercache/trickster/v2/pkg/proxy/listener/listener.go:192 name=reloadListener port=8484
time=2023-05-24T02:02:11.026075Z app=trickster level=info event="http listener starting" name=metricsListener port=8481 address= caller=github.com/trickstercache/trickster/v2/pkg/proxy/listener/listener.go:192
time=2023-05-24T02:02:11.026088Z app=trickster level=debug event="starting proxy listener" caller=github.com/trickstercache/trickster/v2/pkg/proxy/listener/listener.go:143 connectionsLimit=0 scheme=http address= port=8481
time=2023-05-24T02:02:11.026099Z app=trickster level=debug event="starting proxy listener" port=8480 caller=github.com/trickstercache/trickster/v2/pkg/proxy/listener/listener.go:143 connectionsLimit=0 scheme=http address=
time=2023-05-24T02:02:11.026111Z app=trickster level=info event="http listener starting" name=httpListener port=8480 address= caller=github.com/trickstercache/trickster/v2/pkg/proxy/listener/listener.go:192
time=2023-05-24T02:02:14.025955Z app=trickster level=info event="hc status changed" status=failed detail="error probing target: Head \"http://www.test.com:8089/aaaa\": context deadline exceeded (Client.Timeout exceeded while awaiting headers)" threshold=3 caller=github.com/trickstercache/trickster/v2/pkg/backends/healthcheck/target.go:228 targetName=default
time=2023-05-24T02:02:31.334808Z app=trickster level=info event="application loaded from configuration" version=2.0.0-beta2 goVersion=go1.20.2 goOS=darwin commitID= config=/etc/trickster/trickster.yaml pid=84148 caller=trickster/config.go:262 name=trickster goArch=arm64 buildTime= logLevel=debug
time=2023-05-24T02:02:31.335211Z app=trickster level=info event="tracer registration" sampleRate=1 tags="{\"key1\":\"value1\", \"key2\":\"value2\"}" caller=github.com/trickstercache/trickster/v2/pkg/observability/tracing/registration/registration.go:97 name=default provider=stdout serviceName=trickster collectorURL=http://jaeger:14268/api/traces
time=2023-05-24T02:02:31.335254Z app=trickster level=info event="filesystem cache setup" caller=github.com/trickstercache/trickster/v2/pkg/cache/filesystem/filesystem.go:64 name=default cachePath=/data/trickster
time=2023-05-24T02:02:31.335285Z app=trickster level=info event="registering route paths" backendName=default backendProvider=reverseproxy upstreamHost=www.test.com:8089 caller=github.com/trickstercache/trickster/v2/pkg/routing/routing.go:169
time=2023-05-24T02:02:31.335297Z app=trickster level=debug event="default backend identified" caller=github.com/trickstercache/trickster/v2/pkg/routing/routing.go:92 name=default
time=2023-05-24T02:02:31.335307Z app=trickster level=info event="invalid handler name for path" path=/server-status/ handlerName=proxycache caller=github.com/trickstercache/trickster/v2/pkg/routing/routing.go:283
time=2023-05-24T02:02:31.335316Z app=trickster level=info event="invalid handler name for path" caller=github.com/trickstercache/trickster/v2/pkg/routing/routing.go:283 path=/server-status/ handlerName=proxycache
time=2023-05-24T02:02:31.33533Z app=trickster level=debug event="registering backend handler path" caller=github.com/trickstercache/trickster/v2/pkg/routing/routing.go:306 backendName=default path=/depot/-GET-POST-PUT handlerName=proxy backendHost=www.test.com:8089 handledPath=/default/ matchType=exact frontendHosts=www.test.com
time=2023-05-24T02:02:31.335341Z app=trickster level=debug event="registering backend handler path" caller=github.com/trickstercache/trickster/v2/pkg/routing/routing.go:306 backendName=default path=/xxx/-GET-POST-PUT handlerName=proxy backendHost=www.test.com:8089 handledPath=/default/ matchType=exact frontendHosts=www.test.com
time=2023-05-24T02:02:31.335352Z app=trickster level=debug event="registering backend handler path" matchType=prefix frontendHosts=www.test.com caller=github.com/trickstercache/trickster/v2/pkg/routing/routing.go:306 backendName=default path=/-1111111111 handlerName=proxy backendHost=www.test.com:8089 handledPath=/default/
time=2023-05-24T02:02:31.335365Z app=trickster level=debug event="registering backend handler path" matchType=exact frontendHosts=www.test.com caller=github.com/trickstercache/trickster/v2/pkg/routing/routing.go:306 backendName=default path=root handlerName=proxy backendHost=www.test.com:8089 handledPath=/default/
time=2023-05-24T02:02:31.335376Z app=trickster level=debug event="registering health handler path" upstreamPath=/aaaa upstreamVerb=HEAD caller=github.com/trickstercache/trickster/v2/pkg/routing/routing.go:195 path=/trickster/health/default backendName=default
time=2023-05-24T02:02:31.335386Z app=trickster level=debug event="registering backend handler path" handledPath=/default/ matchType=exact frontendHosts=www.test.com caller=github.com/trickstercache/trickster/v2/pkg/routing/routing.go:306 backendName=default path=depot handlerName=proxy backendHost=www.test.com:8089
time=2023-05-24T02:02:31.336339Z app=trickster level=info event="registering default backend handler paths" backendName=default caller=github.com/trickstercache/trickster/v2/pkg/routing/routing.go:384
time=2023-05-24T02:02:31.336358Z app=trickster level=debug event="registering default backend handler paths" path=/ handlerName=proxy matchType=prefix caller=github.com/trickstercache/trickster/v2/pkg/routing/routing.go:388 backendName=default
time=2023-05-24T02:02:31.336592Z app=trickster level=debug event="registering default backend handler paths" backendName=default path=/ handlerName=proxy matchType=exact caller=github.com/trickstercache/trickster/v2/pkg/routing/routing.go:388
time=2023-05-24T02:02:31.336645Z app=trickster level=debug event="registering default backend handler paths" path=/ handlerName=proxy matchType=exact caller=github.com/trickstercache/trickster/v2/pkg/routing/routing.go:388 backendName=default
time=2023-05-24T02:02:31.336662Z app=trickster level=debug event="registering default backend handler paths" caller=github.com/trickstercache/trickster/v2/pkg/routing/routing.go:388 backendName=default path=/ handlerName=proxy matchType=exact
time=2023-05-24T02:02:31.336676Z app=trickster level=debug event="registering default backend handler paths" handlerName=proxy matchType=exact caller=github.com/trickstercache/trickster/v2/pkg/routing/routing.go:388 backendName=default path=/
time=2023-05-24T02:02:31.336737Z app=trickster level=info event="registering pprof /debug routes" routerName=metrics caller=github.com/trickstercache/trickster/v2/pkg/routing/routing.go:51
time=2023-05-24T02:02:31.336761Z app=trickster level=info event="registering pprof /debug routes" routerName=reload caller=github.com/trickstercache/trickster/v2/pkg/routing/routing.go:51
time=2023-05-24T02:02:31.3368Z app=trickster level=info event="http listener starting" name=httpListener port=8480 address= caller=github.com/trickstercache/trickster/v2/pkg/proxy/listener/listener.go:192
time=2023-05-24T02:02:31.336959Z app=trickster level=info event="http listener starting" name=reloadListener port=8484 address=127.0.0.1 caller=github.com/trickstercache/trickster/v2/pkg/proxy/listener/listener.go:192
time=2023-05-24T02:02:31.336977Z app=trickster level=debug event="starting proxy listener" connectionsLimit=0 scheme=http address= port=8480 caller=github.com/trickstercache/trickster/v2/pkg/proxy/listener/listener.go:143
time=2023-05-24T02:02:31.336994Z app=trickster level=debug event="starting proxy listener" port=8484 caller=github.com/trickstercache/trickster/v2/pkg/proxy/listener/listener.go:143 connectionsLimit=0 scheme=http address=127.0.0.1
time=2023-05-24T02:02:31.337011Z app=trickster level=info event="http listener starting" name=metricsListener port=8481 address= caller=github.com/trickstercache/trickster/v2/pkg/proxy/listener/listener.go:192
time=2023-05-24T02:02:31.337021Z app=trickster level=debug event="starting proxy listener" connectionsLimit=0 scheme=http address= port=8481 caller=github.com/trickstercache/trickster/v2/pkg/proxy/listener/listener.go:143
time=2023-05-24T02:02:34.336701Z app=trickster level=info event="hc status changed" caller=github.com/trickstercache/trickster/v2/pkg/backends/healthcheck/target.go:228 targetName=default status=failed detail="error probing target: Head \"http://www.test.com:8089/aaaa\": context deadline exceeded (Client.Timeout exceeded while awaiting headers)" threshold=3
time=2023-05-24T02:02:50.941778Z app=trickster level=info event="application loaded from configuration" caller=trickster/config.go:262 goVersion=go1.20.2 goArch=arm64 goOS=darwin commitID= logLevel=debug name=trickster version=2.0.0-beta2 buildTime= config=/etc/trickster/trickster.yaml pid=84303
time=2023-05-24T02:02:50.94198Z app=trickster level=info event="tracer registration" sampleRate=1 tags="{\"key1\":\"value1\", \"key2\":\"value2\"}" caller=github.com/trickstercache/trickster/v2/pkg/observability/tracing/registration/registration.go:97 name=default provider=stdout serviceName=trickster collectorURL=http://jaeger:14268/api/traces
time=2023-05-24T02:02:50.942058Z app=trickster level=info event="filesystem cache setup" name=default cachePath=/data/trickster caller=github.com/trickstercache/trickster/v2/pkg/cache/filesystem/filesystem.go:64
time=2023-05-24T02:02:50.942075Z app=trickster level=debug event="default backend identified" name=default caller=github.com/trickstercache/trickster/v2/pkg/routing/routing.go:92
time=2023-05-24T02:02:50.942087Z app=trickster level=info event="invalid handler name for path" path=/xxx/ handlerName=proxycache caller=github.com/trickstercache/trickster/v2/pkg/routing/routing.go:283
time=2023-05-24T02:02:50.942098Z app=trickster level=info event="registering route paths" backendName=default backendProvider=reverseproxy upstreamHost=www.test.com:8089 caller=github.com/trickstercache/trickster/v2/pkg/routing/routing.go:169
time=2023-05-24T02:02:50.942108Z app=trickster level=info event="invalid handler name for path" caller=github.com/trickstercache/trickster/v2/pkg/routing/routing.go:283 path=/xxx/ handlerName=proxycache
time=2023-05-24T02:02:50.94212Z app=trickster level=info event="invalid handler name for path" path=/server-status/ handlerName=proxycache caller=github.com/trickstercache/trickster/v2/pkg/routing/routing.go:283
time=2023-05-24T02:02:50.942133Z app=trickster level=debug event="registering backend handler path" backendName=default path=/depot/-GET-POST-PUT handlerName=proxy backendHost=www.test.com:8089 handledPath=/default/ matchType=exact frontendHosts=www.test.com caller=github.com/trickstercache/trickster/v2/pkg/routing/routing.go:306
time=2023-05-24T02:02:50.942155Z app=trickster level=debug event="registering backend handler path" path=/-1111111111 handlerName=proxy backendHost=www.test.com:8089 handledPath=/default/ matchType=prefix frontendHosts=www.test.com caller=github.com/trickstercache/trickster/v2/pkg/routing/routing.go:306 backendName=default
time=2023-05-24T02:02:50.942167Z app=trickster level=debug event="registering backend handler path" matchType=exact frontendHosts=www.test.com caller=github.com/trickstercache/trickster/v2/pkg/routing/routing.go:306 backendName=default path=depot handlerName=proxy backendHost=www.test.com:8089 handledPath=/default/
time=2023-05-24T02:02:50.942182Z app=trickster level=debug event="registering health handler path" path=/trickster/health/default backendName=default upstreamPath=/aaaa upstreamVerb=HEAD caller=github.com/trickstercache/trickster/v2/pkg/routing/routing.go:195
time=2023-05-24T02:02:50.942191Z app=trickster level=info event="invalid handler name for path" caller=github.com/trickstercache/trickster/v2/pkg/routing/routing.go:283 path=/server-status/ handlerName=proxycache
time=2023-05-24T02:02:50.943295Z app=trickster level=info event="registering default backend handler paths" caller=github.com/trickstercache/trickster/v2/pkg/routing/routing.go:384 backendName=default
time=2023-05-24T02:02:50.944069Z app=trickster level=debug event="registering default backend handler paths" handlerName=proxy matchType=prefix caller=github.com/trickstercache/trickster/v2/pkg/routing/routing.go:388 backendName=default path=/
time=2023-05-24T02:02:50.944087Z app=trickster level=debug event="registering default backend handler paths" backendName=default path=/ handlerName=proxy matchType=exact caller=github.com/trickstercache/trickster/v2/pkg/routing/routing.go:388
time=2023-05-24T02:02:50.9441Z app=trickster level=debug event="registering default backend handler paths" matchType=exact caller=github.com/trickstercache/trickster/v2/pkg/routing/routing.go:388 backendName=default path=/ handlerName=proxy
time=2023-05-24T02:02:50.944349Z app=trickster level=info event="registering pprof /debug routes" routerName=metrics caller=github.com/trickstercache/trickster/v2/pkg/routing/routing.go:51
time=2023-05-24T02:02:50.944371Z app=trickster level=info event="http listener starting" name=httpListener port=8480 address= caller=github.com/trickstercache/trickster/v2/pkg/proxy/listener/listener.go:192
time=2023-05-24T02:02:50.944385Z app=trickster level=debug event="starting proxy listener" port=8480 caller=github.com/trickstercache/trickster/v2/pkg/proxy/listener/listener.go:143 connectionsLimit=0 scheme=http address=
time=2023-05-24T02:02:50.944397Z app=trickster level=info event="registering pprof /debug routes" routerName=reload caller=github.com/trickstercache/trickster/v2/pkg/routing/routing.go:51
time=2023-05-24T02:02:50.944406Z app=trickster level=info event="http listener starting" name=metricsListener port=8481 address= caller=github.com/trickstercache/trickster/v2/pkg/proxy/listener/listener.go:192
time=2023-05-24T02:02:50.944418Z app=trickster level=debug event="starting proxy listener" scheme=http address= port=8481 caller=github.com/trickstercache/trickster/v2/pkg/proxy/listener/listener.go:143 connectionsLimit=0
time=2023-05-24T02:02:50.944428Z app=trickster level=info event="http listener starting" name=reloadListener port=8484 address=127.0.0.1 caller=github.com/trickstercache/trickster/v2/pkg/proxy/listener/listener.go:192
time=2023-05-24T02:02:50.944439Z app=trickster level=debug event="starting proxy listener" connectionsLimit=0 scheme=http address=127.0.0.1 port=8484 caller=github.com/trickstercache/trickster/v2/pkg/proxy/listener/listener.go:143
time=2023-05-24T02:02:53.944482Z app=trickster level=info event="hc status changed" threshold=3 caller=github.com/trickstercache/trickster/v2/pkg/backends/healthcheck/target.go:228 targetName=default status=failed detail="error probing target: Head \"http://www.test.com:8089/aaaa\": context deadline exceeded (Client.Timeout exceeded while awaiting headers)"
time=2023-05-24T02:03:18.630143Z app=trickster level=error event="error downloading url" detail="Get \"http://www.test.com:8089/\": context canceled" caller=github.com/trickstercache/trickster/v2/pkg/proxy/engines/httpproxy.go:205 url=http://www.test.com:8089/
time=2023-05-24T02:03:32.56998Z app=trickster level=info event="application loaded from configuration" goVersion=go1.20.2 goOS=darwin config=/etc/trickster/trickster.yaml caller=trickster/config.go:262 name=trickster version=2.0.0-beta2 buildTime= logLevel=debug pid=84460 goArch=arm64 commitID=
time=2023-05-24T02:03:32.570474Z app=trickster level=info event="tracer registration" provider=stdout serviceName=trickster collectorURL=http://jaeger:14268/api/traces sampleRate=1 tags="{\"key1\":\"value1\", \"key2\":\"value2\"}" caller=github.com/trickstercache/trickster/v2/pkg/observability/tracing/registration/registration.go:97 name=default
time=2023-05-24T02:03:32.570538Z app=trickster level=info event="filesystem cache setup" name=default cachePath=/data/trickster caller=github.com/trickstercache/trickster/v2/pkg/cache/filesystem/filesystem.go:64
time=2023-05-24T02:03:32.570565Z app=trickster level=debug event="default backend identified" name=default caller=github.com/trickstercache/trickster/v2/pkg/routing/routing.go:92
time=2023-05-24T02:03:32.570588Z app=trickster level=info event="registering route paths" backendName=default backendProvider=reverseproxy upstreamHost=www.test.com:8089 caller=github.com/trickstercache/trickster/v2/pkg/routing/routing.go:169
time=2023-05-24T02:03:32.570612Z app=trickster level=debug event="registering backend handler path" handlerName=proxy backendHost=www.test.com:8089 handledPath=/default/ matchType=prefix frontendHosts=www.test.com caller=github.com/trickstercache/trickster/v2/pkg/routing/routing.go:306 backendName=default path=/-1111111111
time=2023-05-24T02:03:32.57064Z app=trickster level=debug event="registering health handler path" upstreamPath=/aaaa upstreamVerb=HEAD caller=github.com/trickstercache/trickster/v2/pkg/routing/routing.go:195 path=/trickster/health/default backendName=default
time=2023-05-24T02:03:32.571827Z app=trickster level=info event="registering default backend handler paths" backendName=default caller=github.com/trickstercache/trickster/v2/pkg/routing/routing.go:384
time=2023-05-24T02:03:32.571973Z app=trickster level=debug event="registering default backend handler paths" caller=github.com/trickstercache/trickster/v2/pkg/routing/routing.go:388 backendName=default path=/ handlerName=proxy matchType=prefix
time=2023-05-24T02:03:32.572003Z app=trickster level=info event="registering pprof /debug routes" routerName=metrics caller=github.com/trickstercache/trickster/v2/pkg/routing/routing.go:51
time=2023-05-24T02:03:32.572026Z app=trickster level=info event="registering pprof /debug routes" routerName=reload caller=github.com/trickstercache/trickster/v2/pkg/routing/routing.go:51
time=2023-05-24T02:03:32.57211Z app=trickster level=debug event="starting proxy listener" connectionsLimit=0 scheme=http address=127.0.0.1 port=8484 caller=github.com/trickstercache/trickster/v2/pkg/proxy/listener/listener.go:143
time=2023-05-24T02:03:32.572154Z app=trickster level=info event="http listener starting" name=reloadListener port=8484 address=127.0.0.1 caller=github.com/trickstercache/trickster/v2/pkg/proxy/listener/listener.go:192
time=2023-05-24T02:03:32.572179Z app=trickster level=info event="http listener starting" name=metricsListener port=8481 address= caller=github.com/trickstercache/trickster/v2/pkg/proxy/listener/listener.go:192
time=2023-05-24T02:03:32.572204Z app=trickster level=debug event="starting proxy listener" connectionsLimit=0 scheme=http address= port=8481 caller=github.com/trickstercache/trickster/v2/pkg/proxy/listener/listener.go:143
time=2023-05-24T02:03:32.572229Z app=trickster level=info event="http listener starting" name=httpListener port=8480 address= caller=github.com/trickstercache/trickster/v2/pkg/proxy/listener/listener.go:192
time=2023-05-24T02:03:32.572268Z app=trickster level=debug event="starting proxy listener" connectionsLimit=0 scheme=http address= port=8480 caller=github.com/trickstercache/trickster/v2/pkg/proxy/listener/listener.go:143
time=2023-05-24T02:03:51.492691Z app=trickster level=info event="application loaded from configuration" commitID= buildTime= logLevel=debug pid=84628 name=trickster goVersion=go1.20.2 goArch=arm64 goOS=darwin version=2.0.0-beta2 config=/etc/trickster/trickster.yaml caller=trickster/config.go:262
time=2023-05-24T02:03:51.493052Z app=trickster level=info event="tracer registration" name=default provider=stdout serviceName=trickster collectorURL=http://jaeger:14268/api/traces sampleRate=1 tags="{\"key1\":\"value1\", \"key2\":\"value2\"}" caller=github.com/trickstercache/trickster/v2/pkg/observability/tracing/registration/registration.go:97
time=2023-05-24T02:03:51.493086Z app=trickster level=info event="filesystem cache setup" cachePath=/data/trickster caller=github.com/trickstercache/trickster/v2/pkg/cache/filesystem/filesystem.go:64 name=default
time=2023-05-24T02:03:51.493102Z app=trickster level=debug event="default backend identified" name=default caller=github.com/trickstercache/trickster/v2/pkg/routing/routing.go:92
time=2023-05-24T02:03:51.493115Z app=trickster level=info event="registering route paths" backendProvider=reverseproxy upstreamHost=www.test.com:8089 caller=github.com/trickstercache/trickster/v2/pkg/routing/routing.go:169 backendName=default
time=2023-05-24T02:03:51.493126Z app=trickster level=debug event="registering backend handler path" caller=github.com/trickstercache/trickster/v2/pkg/routing/routing.go:306 backendName=default path=/-1111111111 handlerName=proxy backendHost=www.test.com:8089 handledPath=/default/ matchType=prefix frontendHosts=www.test.com
time=2023-05-24T02:03:51.49314Z app=trickster level=debug event="registering health handler path" caller=github.com/trickstercache/trickster/v2/pkg/routing/routing.go:195 path=/trickster/health/default backendName=default upstreamPath=/aaaa upstreamVerb=HEAD
time=2023-05-24T02:03:51.494232Z app=trickster level=info event="registering default backend handler paths" backendName=default caller=github.com/trickstercache/trickster/v2/pkg/routing/routing.go:384
time=2023-05-24T02:03:51.494247Z app=trickster level=debug event="registering default backend handler paths" backendName=default path=/ handlerName=proxy matchType=prefix caller=github.com/trickstercache/trickster/v2/pkg/routing/routing.go:388
time=2023-05-24T02:03:51.494287Z app=trickster level=info event="registering pprof /debug routes" routerName=reload caller=github.com/trickstercache/trickster/v2/pkg/routing/routing.go:51
time=2023-05-24T02:03:51.494324Z app=trickster level=info event="registering pprof /debug routes" routerName=metrics caller=github.com/trickstercache/trickster/v2/pkg/routing/routing.go:51
time=2023-05-24T02:03:51.494388Z app=trickster level=debug event="starting proxy listener" connectionsLimit=0 scheme=http address=127.0.0.1 port=8484 caller=github.com/trickstercache/trickster/v2/pkg/proxy/listener/listener.go:143
time=2023-05-24T02:03:51.494413Z app=trickster level=info event="http listener starting" caller=github.com/trickstercache/trickster/v2/pkg/proxy/listener/listener.go:192 name=reloadListener port=8484 address=127.0.0.1
time=2023-05-24T02:03:51.494429Z app=trickster level=info event="http listener starting" name=httpListener port=8480 address= caller=github.com/trickstercache/trickster/v2/pkg/proxy/listener/listener.go:192
time=2023-05-24T02:03:51.494442Z app=trickster level=debug event="starting proxy listener" connectionsLimit=0 scheme=http address= port=8480 caller=github.com/trickstercache/trickster/v2/pkg/proxy/listener/listener.go:143
time=2023-05-24T02:03:51.494454Z app=trickster level=info event="http listener starting" name=metricsListener port=8481 address= caller=github.com/trickstercache/trickster/v2/pkg/proxy/listener/listener.go:192
time=2023-05-24T02:03:51.494476Z app=trickster level=debug event="starting proxy listener" connectionsLimit=0 scheme=http address= port=8481 caller=github.com/trickstercache/trickster/v2/pkg/proxy/listener/listener.go:143
